0 info it worked if it ends with ok
1 verbose cli [ '/Users/kenichi.hasegawa/.nodebrew/node/v6.8.1/bin/node',
1 verbose cli   '/Users/kenichi.hasegawa/.nodebrew/current/bin/npm',
1 verbose cli   'install',
1 verbose cli   'react' ]
2 info using npm@3.10.8
3 info using node@v6.8.1
4 silly loadCurrentTree Starting
5 silly install loadCurrentTree
6 silly install readLocalPackageData
7 silly fetchPackageMetaData react
8 silly fetchNamedPackageData react
9 silly mapToRegistry name react
10 silly mapToRegistry using default registry
11 silly mapToRegistry registry https://registry.npmjs.org/
12 silly mapToRegistry data Result {
12 silly mapToRegistry   raw: 'react',
12 silly mapToRegistry   scope: null,
12 silly mapToRegistry   escapedName: 'react',
12 silly mapToRegistry   name: 'react',
12 silly mapToRegistry   rawSpec: '',
12 silly mapToRegistry   spec: 'latest',
12 silly mapToRegistry   type: 'tag' }
13 silly mapToRegistry uri https://registry.npmjs.org/react
14 verbose request uri https://registry.npmjs.org/react
15 verbose request no auth needed
16 info attempt registry request try #1 at 11:03:20
17 verbose request id 5da8aa9870c9987f
18 verbose etag "C8246G0PAWEIQBGF0S99TELCU"
19 http request GET https://registry.npmjs.org/react
20 http 304 https://registry.npmjs.org/react
21 verbose headers { date: 'Tue, 18 Oct 2016 02:03:21 GMT',
21 verbose headers   via: '1.1 varnish',
21 verbose headers   'cache-control': 'max-age=300',
21 verbose headers   etag: '"C8246G0PAWEIQBGF0S99TELCU"',
21 verbose headers   age: '200',
21 verbose headers   connection: 'keep-alive',
21 verbose headers   'x-served-by': 'cache-nrt6124-NRT',
21 verbose headers   'x-cache': 'HIT',
21 verbose headers   'x-cache-hits': '1',
21 verbose headers   'x-timer': 'S1476756201.009810,VS0,VE0',
21 verbose headers   vary: 'Accept-Encoding' }
22 silly get cb [ 304,
22 silly get   { date: 'Tue, 18 Oct 2016 02:03:21 GMT',
22 silly get     via: '1.1 varnish',
22 silly get     'cache-control': 'max-age=300',
22 silly get     etag: '"C8246G0PAWEIQBGF0S99TELCU"',
22 silly get     age: '200',
22 silly get     connection: 'keep-alive',
22 silly get     'x-served-by': 'cache-nrt6124-NRT',
22 silly get     'x-cache': 'HIT',
22 silly get     'x-cache-hits': '1',
22 silly get     'x-timer': 'S1476756201.009810,VS0,VE0',
22 silly get     vary: 'Accept-Encoding' } ]
23 verbose etag https://registry.npmjs.org/react from cache
24 verbose get saving react to /Users/kenichi.hasegawa/.npm/registry.npmjs.org/react/.cache.json
25 verbose correctMkdir /Users/kenichi.hasegawa/.npm correctMkdir not in flight; initializing
26 silly install normalizeTree
27 silly loadCurrentTree Finishing
28 silly loadIdealTree Starting
29 silly install loadIdealTree
30 silly cloneCurrentTree Starting
31 silly install cloneCurrentTreeToIdealTree
32 silly cloneCurrentTree Finishing
33 silly loadShrinkwrap Starting
34 silly install loadShrinkwrap
35 silly loadShrinkwrap Finishing
36 silly loadAllDepsIntoIdealTree Starting
37 silly install loadAllDepsIntoIdealTree
38 silly rollbackFailedOptional Starting
39 silly rollbackFailedOptional Finishing
40 silly runTopLevelLifecycles Finishing
41 silly install printInstalled
42 verbose stack Error: Refusing to install react as a dependency of itself
42 verbose stack     at checkSelf (/Users/kenichi.hasegawa/.nodebrew/node/v6.8.1/lib/node_modules/npm/lib/install/validate-args.js:53:14)
42 verbose stack     at Array.<anonymous> (/Users/kenichi.hasegawa/.nodebrew/node/v6.8.1/lib/node_modules/npm/node_modules/slide/lib/bind-actor.js:15:8)
42 verbose stack     at LOOP (/Users/kenichi.hasegawa/.nodebrew/node/v6.8.1/lib/node_modules/npm/node_modules/slide/lib/chain.js:15:14)
42 verbose stack     at chain (/Users/kenichi.hasegawa/.nodebrew/node/v6.8.1/lib/node_modules/npm/node_modules/slide/lib/chain.js:20:5)
42 verbose stack     at /Users/kenichi.hasegawa/.nodebrew/node/v6.8.1/lib/node_modules/npm/lib/install/validate-args.js:16:5
42 verbose stack     at /Users/kenichi.hasegawa/.nodebrew/node/v6.8.1/lib/node_modules/npm/node_modules/slide/lib/async-map.js:52:35
42 verbose stack     at Array.forEach (native)
42 verbose stack     at /Users/kenichi.hasegawa/.nodebrew/node/v6.8.1/lib/node_modules/npm/node_modules/slide/lib/async-map.js:52:11
42 verbose stack     at Array.forEach (native)
42 verbose stack     at asyncMap (/Users/kenichi.hasegawa/.nodebrew/node/v6.8.1/lib/node_modules/npm/node_modules/slide/lib/async-map.js:51:8)
43 verbose cwd /Users/kenichi.hasegawa/Desktop/training/training/react
44 error Darwin 15.6.0
45 error argv "/Users/kenichi.hasegawa/.nodebrew/node/v6.8.1/bin/node" "/Users/kenichi.hasegawa/.nodebrew/current/bin/npm" "install" "react"
46 error node v6.8.1
47 error npm  v3.10.8
48 error code ENOSELF
49 error Refusing to install react as a dependency of itself
50 error If you need help, you may report this error at:
50 error     <https://github.com/npm/npm/issues>
51 verbose exit [ 1, true ]
